<?xml version="1.0" encoding="UTF-8"?>
<!-- Generated by org.testng.reporters.JUnitReportReporter -->
<testsuite hostname="gadadhar.local" failures="0" tests="2" name="com.example.e2edemo.e2e.GoogleHomePageTests" time="20.547" errors="0" timestamp="2024-09-23T12:02:28 IST" skipped="0">
  <testcase classname="com.example.e2edemo.e2e.GoogleHomePageTests" name="validatePage2" time="13.019"/>
  <testcase classname="com.example.e2edemo.e2e.GoogleHomePageTests" name="validatePage" time="7.528"/>
</testsuite> <!-- com.example.e2edemo.e2e.GoogleHomePageTests -->
